-------------------------------------------------------------------------------
Test set: TestSuite
-------------------------------------------------------------------------------
Tests run: 4, Failures: 1, Errors: 0, Skipped: 0, Time elapsed: 25.168 s <<< FAILURE! - in TestSuite
SeleniumProjects.Project1.ValidateTitle.browserInvocation  Time elapsed: 0.402 s  <<< FAILURE!
java.lang.AssertionError: expected [FEATURED COURSE] but found [FEATURED COURSES]
	at SeleniumProjects.Project1.ValidateTitle.browserInvocation(ValidateTitle.java:37)

