<?xml version="1.0" encoding="UTF-8"?>
<testng-results ignored="0" total="4" passed="3" failed="1" skipped="0">
  <reporter-output>
  </reporter-output>
  <suite started-at="2021-12-30T09:17:40 IST" name="Suite" finished-at="2021-12-30T09:18:08 IST" duration-ms="27295">
    <groups>
    </groups>
    <test started-at="2021-12-30T09:17:40 IST" name="Test" finished-at="2021-12-30T09:17:40 IST" duration-ms="18">
    </test> <!-- Test -->
    <test started-at="2021-12-30T09:17:40 IST" name="validate title" finished-at="2021-12-30T09:18:05 IST" duration-ms="24090">
      <class name="SeleniumProjects.Project1.ValidateTitle">
        <test-method is-config="true" signature="initialization()[pri:0, instance:SeleniumProjects.Project1.ValidateTitle@655a5d9c]" started-at="2021-12-30T09:17:40 IST" name="initialization" finished-at="2021-12-30T09:17:58 IST" duration-ms="17438" status="PASS">
          <reporter-output>
          </reporter-output>
        </test-method> <!-- initialization -->
        <test-method signature="browserInvocation()[pri:0, instance:SeleniumProjects.Project1.ValidateTitle@655a5d9c]" started-at="2021-12-30T09:17:58 IST" name="browserInvocation" finished-at="2021-12-30T09:17:58 IST" duration-ms="245" status="FAIL">
          <exception class="java.lang.AssertionError">
            <message>
              <![CDATA[expected [FEATURED COURSE] but found [FEATURED COURSES]]]>
            </message>
            <full-stacktrace>
              <![CDATA[java.lang.AssertionError: expected [FEATURED COURSE] but found [FEATURED COURSES]
at org.testng.Assert.fail(Assert.java:99)
at org.testng.Assert.failNotEquals(Assert.java:1037)
at org.testng.Assert.assertEqualsImpl(Assert.java:140)
at org.testng.Assert.assertEquals(Assert.java:122)
at org.testng.Assert.assertEquals(Assert.java:629)
at org.testng.Assert.assertEquals(Assert.java:639)
at SeleniumProjects.Project1.ValidateTitle.browserInvocation(ValidateTitle.java:37)
at java.base/jdk.internal.reflect.NativeMethodAccessorImpl.invoke0(Native Method)
at java.base/jdk.internal.reflect.NativeMethodAccessorImpl.invoke(NativeMethodAccessorImpl.java:78)
at java.base/jdk.internal.reflect.DelegatingMethodAccessorImpl.invoke(DelegatingMethodAccessorImpl.java:43)
at java.base/java.lang.reflect.Method.invoke(Method.java:567)
at org.testng.internal.MethodInvocationHelper.invokeMethod(MethodInvocationHelper.java:133)
at org.testng.internal.TestInvoker.invokeMethod(TestInvoker.java:598)
at org.testng.internal.TestInvoker.invokeTestMethod(TestInvoker.java:173)
at org.testng.internal.MethodRunner.runInSequence(MethodRunner.java:46)
at org.testng.internal.TestInvoker$MethodInvocationAgent.invoke(TestInvoker.java:824)
at org.testng.internal.TestInvoker.invokeTestMethods(TestInvoker.java:146)
at org.testng.internal.TestMethodWorker.invokeTestMethods(TestMethodWorker.java:146)
at org.testng.internal.TestMethodWorker.run(TestMethodWorker.java:128)
at java.base/java.util.ArrayList.forEach(ArrayList.java:1511)
at org.testng.TestRunner.privateRun(TestRunner.java:794)
at org.testng.TestRunner.run(TestRunner.java:596)
at org.testng.SuiteRunner.runTest(SuiteRunner.java:377)
at org.testng.SuiteRunner.access$000(SuiteRunner.java:28)
at org.testng.SuiteRunner$SuiteWorker.run(SuiteRunner.java:418)
at org.testng.internal.thread.ThreadUtil.lambda$execute$0(ThreadUtil.java:64)
at java.base/java.util.concurrent.FutureTask.run(FutureTask.java:264)
at java.base/java.util.concurrent.ThreadPoolExecutor.runWorker(ThreadPoolExecutor.java:1130)
at java.base/java.util.concurrent.ThreadPoolExecutor$Worker.run(ThreadPoolExecutor.java:630)
at java.base/java.lang.Thread.run(Thread.java:831)
]]>
            </full-stacktrace>
          </exception> <!-- java.lang.AssertionError -->
          <reporter-output>
          </reporter-output>
        </test-method> <!-- browserInvocation -->
        <test-method is-config="true" signature="tearDown()[pri:0, instance:SeleniumProjects.Project1.ValidateTitle@655a5d9c]" started-at="2021-12-30T09:17:59 IST" name="tearDown" finished-at="2021-12-30T09:18:05 IST" duration-ms="5746" status="PASS">
          <reporter-output>
          </reporter-output>
        </test-method> <!-- tearDown -->
      </class> <!-- SeleniumProjects.Project1.ValidateTitle -->
    </test> <!-- validate title -->
    <test started-at="2021-12-30T09:17:40 IST" name="validate navigation bar" finished-at="2021-12-30T09:18:05 IST" duration-ms="24301">
      <class name="SeleniumProjects.Project1.ValidateNavigationBar">
        <test-method is-config="true" signature="initialization()[pri:0, instance:SeleniumProjects.Project1.ValidateNavigationBar@1df98368]" started-at="2021-12-30T09:17:40 IST" name="initialization" finished-at="2021-12-30T09:17:58 IST" duration-ms="17406" status="PASS">
          <reporter-output>
          </reporter-output>
        </test-method> <!-- initialization -->
        <test-method signature="browserInvocation()[pri:0, instance:SeleniumProjects.Project1.ValidateNavigationBar@1df98368]" started-at="2021-12-30T09:17:58 IST" name="browserInvocation" finished-at="2021-12-30T09:17:58 IST" duration-ms="160" status="PASS">
          <reporter-output>
          </reporter-output>
        </test-method> <!-- browserInvocation -->
        <test-method is-config="true" signature="tearDown()[pri:0, instance:SeleniumProjects.Project1.ValidateNavigationBar@1df98368]" started-at="2021-12-30T09:17:58 IST" name="tearDown" finished-at="2021-12-30T09:18:05 IST" duration-ms="6702" status="PASS">
          <reporter-output>
          </reporter-output>
        </test-method> <!-- tearDown -->
      </class> <!-- SeleniumProjects.Project1.ValidateNavigationBar -->
    </test> <!-- validate navigation bar -->
    <test started-at="2021-12-30T09:17:40 IST" name="Homepagetest" finished-at="2021-12-30T09:18:08 IST" duration-ms="27294">
      <class name="SeleniumProjects.Project1.Home">
        <test-method is-config="true" signature="initialization()[pri:0, instance:SeleniumProjects.Project1.Home@1b9ea3e3]" started-at="2021-12-30T09:17:40 IST" name="initialization" finished-at="2021-12-30T09:17:50 IST" duration-ms="9164" status="PASS">
          <reporter-output>
          </reporter-output>
        </test-method> <!-- initialization -->
        <test-method signature="browserInvocation(java.lang.String,java.lang.String)[pri:0, instance:SeleniumProjects.Project1.Home@1b9ea3e3]" started-at="2021-12-30T09:17:50 IST" name="browserInvocation" data-provider="getData" finished-at="2021-12-30T09:18:00 IST" duration-ms="10071" status="PASS">
          <params>
            <param index="0">
              <value>
                <![CDATA[non_restricted_user]]>
              </value>
            </param>
            <param index="1">
              <value>
                <![CDATA[pswrd1]]>
              </value>
            </param>
          </params>
          <reporter-output>
          </reporter-output>
        </test-method> <!-- browserInvocation -->
        <test-method signature="browserInvocation(java.lang.String,java.lang.String)[pri:0, instance:SeleniumProjects.Project1.Home@1b9ea3e3]" started-at="2021-12-30T09:18:00 IST" name="browserInvocation" data-provider="getData" finished-at="2021-12-30T09:18:03 IST" duration-ms="3521" status="PASS">
          <params>
            <param index="0">
              <value>
                <![CDATA[restricted_user]]>
              </value>
            </param>
            <param index="1">
              <value>
                <![CDATA[pswrd2]]>
              </value>
            </param>
          </params>
          <reporter-output>
          </reporter-output>
        </test-method> <!-- browserInvocation -->
        <test-method is-config="true" signature="tearDown()[pri:0, instance:SeleniumProjects.Project1.Home@1b9ea3e3]" started-at="2021-12-30T09:18:03 IST" name="tearDown" finished-at="2021-12-30T09:18:08 IST" duration-ms="4457" status="PASS">
          <reporter-output>
          </reporter-output>
        </test-method> <!-- tearDown -->
      </class> <!-- SeleniumProjects.Project1.Home -->
    </test> <!-- Homepagetest -->
  </suite> <!-- Suite -->
</testng-results>
